<?xml version="1.0" encoding="UTF-8"?>
<!-- Generated by org.testng.reporters.JUnitXMLReporter -->
<testsuite ignored="0" hostname="LAPTOP-9060GQE8" failures="0" tests="67" name="Test" time="1043.651" errors="0" timestamp="2021-05-10T10:44:40 IST">
  <testcase classname="com.BEd.Tests.PrintFunctionalityBeforeEdit" name="Login" time="14.186"/>
  <testcase classname="com.BEd.Tests.PrintFunctionalityBeforeEdit" name="PrintFunctionality" time="3.425"/>
  <testcase classname="com.BEd.Tests.GraduationMarksComparison" name="Login" time="15.235"/>
  <testcase classname="com.BEd.Tests.GraduationMarksComparison" name="ObtainedMarkIslessthanMaxMark" time="4.855"/>
  <testcase classname="com.BEd.Tests.GraduationMarksComparison" name="ObtainedMarkIsEqualToMaxMark" time="10.932"/>
  <testcase classname="com.BEd.Tests.GraduationMarksComparison" name="ObtainedMarkIsGreaterThanMaxMark" time="11.27"/>
  <testcase classname="com.BEd.Tests.PGMarksComparison" name="Login" time="17.869"/>
  <testcase classname="com.BEd.Tests.PGMarksComparison" name="ObtainedMarkIslessthanMaxMark" time="11.694"/>
  <testcase classname="com.BEd.Tests.PGMarksComparison" name="ObtainedMarkIsEqualToMaxMark" time="18.82"/>
  <testcase classname="com.BEd.Tests.PGMarksComparison" name="ObtainedMarkIsGreaterThanMaxMark" time="16.284"/>
  <testcase classname="com.BEd.Tests.YOPComparisons12thGraduation" name="Login" time="17.864"/>
  <testcase classname="com.BEd.Tests.YOPComparisons12thGraduation" name="YOPBetween12thAndGraduationWithValidData" time="13.829"/>
  <testcase classname="com.BEd.Tests.YOPComparisons12thGraduation" name="YOPBetween12thAndGraduationWithDiffLessThan3years" time="20.565"/>
  <testcase classname="com.BEd.Tests.YOPComparisons12thGraduation" name="YOPBetween12thAndGraduationWithIdenticalData" time="20.647"/>
  <testcase classname="com.BEd.Tests.YOPComparisons12thGraduation" name="YOPBetween12thAndGraduationWithInvalidData" time="20.716"/>
  <testcase classname="com.BEd.Tests.YOPComparisonsGraduationPG" name="Login" time="18.181"/>
  <testcase classname="com.BEd.Tests.YOPComparisonsGraduationPG" name="YOPBetweenGraduationAndPGWithValidData" time="13.827"/>
  <testcase classname="com.BEd.Tests.YOPComparisonsGraduationPG" name="YOPBetweenGraduationAndPGWithDiffLessThan3years" time="20.55"/>
  <testcase classname="com.BEd.Tests.YOPComparisonsGraduationPG" name="YOPBetweenGraduationAndPGWithIdenticalData" time="20.488"/>
  <testcase classname="com.BEd.Tests.YOPComparisonsGraduationPG" name="YOPBetweenGraduationAndPGWithInvalidData" time="20.717"/>
  <testcase classname="com.BEd.Tests.EligibilityCriteriaForGeneralScience" name="Login" time="15.629"/>
  <testcase classname="com.BEd.Tests.EligibilityCriteriaForGeneralScience" name="ScienceWithMoreThan50PercentageInPG" time="12.786"/>
  <testcase classname="com.BEd.Tests.EligibilityCriteriaForGeneralScience" name="ScienceWithLessThan50PercentageInPG" time="19.763"/>
  <testcase classname="com.BEd.Tests.EligibilityCriteriaForGeneralArts" name="Login" time="15.445"/>
  <testcase classname="com.BEd.Tests.EligibilityCriteriaForGeneralArts" name="ArtsWithMoreThan50PercentageInGraduation" time="5.912"/>
  <testcase classname="com.BEd.Tests.EligibilityCriteriaForGeneralArts" name="ArtsWithLessThan50PercentageInGraduation" time="12.756"/>
  <testcase classname="com.BEd.Tests.EligibilityCriteriaForGeneralBTech" name="Login" time="15.25"/>
  <testcase classname="com.BEd.Tests.EligibilityCriteriaForGeneralBTech" name="BtechWithMoreThan55Percentage" time="9.146"/>
  <testcase classname="com.BEd.Tests.EligibilityCriteriaForGeneralBTech" name="BtechWithLessThan55Percentage" time="15.969"/>
  <testcase classname="com.BEd.Tests.EligibilityCriteriaForSCScience" name="Login" time="15.246"/>
  <testcase classname="com.BEd.Tests.EligibilityCriteriaForSCScience" name="ScienceWithMoreThan45PercentageInPG" time="12.648"/>
  <testcase classname="com.BEd.Tests.EligibilityCriteriaForSCScience" name="ScienceWithLessThan45PercentageInPG" time="19.543"/>
  <testcase classname="com.BEd.Tests.EligibilityCriteriaForSCArts" name="Login" time="15.613"/>
  <testcase classname="com.BEd.Tests.EligibilityCriteriaForSCArts" name="ArtsWithMoreThan45PercentageInGraduation" time="5.897"/>
  <testcase classname="com.BEd.Tests.EligibilityCriteriaForSCArts" name="ArtsWithLessThan45PercentageInGraduation" time="12.546"/>
  <testcase classname="com.BEd.Tests.EligibilityCriteriaForSCBtech" name="Login" time="15.449"/>
  <testcase classname="com.BEd.Tests.EligibilityCriteriaForSCBtech" name="BtechWithMoreThan50Percentage" time="5.891"/>
  <testcase classname="com.BEd.Tests.EligibilityCriteriaForSCBtech" name="BtechWithLessThan50Percentage" time="12.832"/>
  <testcase classname="com.BEd.Tests.EligibilityCriteriaForSTScience" name="Login" time="16.107"/>
  <testcase classname="com.BEd.Tests.EligibilityCriteriaForSTScience" name="ScienceWithMoreThan45PercentageInPG" time="12.742"/>
  <testcase classname="com.BEd.Tests.EligibilityCriteriaForSTScience" name="ScienceWithLessThan45PercentageInPG" time="19.875"/>
  <testcase classname="com.BEd.Tests.EligibilityCriteriaForSTArts" name="Login" time="16.299"/>
  <testcase classname="com.BEd.Tests.EligibilityCriteriaForSTArts" name="ArtsWithMoreThan45PercentageInGraduation" time="5.89"/>
  <testcase classname="com.BEd.Tests.EligibilityCriteriaForSTArts" name="ArtsWithLessThan45PercentageInGraduation" time="12.909"/>
  <testcase classname="com.BEd.Tests.EligibilityCriteriaForSTBTech" name="Login" time="16.134"/>
  <testcase classname="com.BEd.Tests.EligibilityCriteriaForSTBTech" name="BtechWithMoreThan50Percentage" time="5.925"/>
  <testcase classname="com.BEd.Tests.EligibilityCriteriaForSTBTech" name="BtechWithLessThan50Percentage" time="13.131"/>
  <testcase classname="com.BEd.Tests.EligibilityCriteriaForSEBCArts" name="Login" time="17.34"/>
  <testcase classname="com.BEd.Tests.EligibilityCriteriaForSEBCArts" name="ArtsWithMoreThan45PercentageInGraduation" time="6.01"/>
  <testcase classname="com.BEd.Tests.EligibilityCriteriaForSEBCArts" name="ArtsWithLessThan45PercentageInGraduation" time="12.919"/>
  <testcase classname="com.BEd.Tests.EligibilityCriteriaForSEBCScience" name="Login" time="16.27"/>
  <testcase classname="com.BEd.Tests.EligibilityCriteriaForSEBCScience" name="ScienceWithMoreThan45PercentageInPG" time="12.669"/>
  <testcase classname="com.BEd.Tests.EligibilityCriteriaForSEBCScience" name="ScienceWithLessThan45PercentageInPG" time="19.698"/>
  <testcase classname="com.BEd.Tests.EligibilityCriteriaForSEBCBtech" name="Login" time="16.724"/>
  <testcase classname="com.BEd.Tests.EligibilityCriteriaForSEBCBtech" name="BtechWithMoreThan50Percentage" time="5.878"/>
  <testcase classname="com.BEd.Tests.EligibilityCriteriaForSEBCBtech" name="BtechWithLessThan50Percentage" time="12.976"/>
  <testcase classname="com.BEd.Tests.EligibilityCriteriaForPHArts" name="Login" time="15.562"/>
  <testcase classname="com.BEd.Tests.EligibilityCriteriaForPHArts" name="ArtsWithMoreThan45PercentageInGraduation" time="5.887"/>
  <testcase classname="com.BEd.Tests.EligibilityCriteriaForPHArts" name="ArtsWithLessThan45PercentageInGraduation" time="12.623"/>
  <testcase classname="com.BEd.Tests.EligibilityCriteriaForPHScience" name="Login" time="19.483"/>
  <testcase classname="com.BEd.Tests.EligibilityCriteriaForPHScience" name="ScienceWithMoreThan45PercentageInPG" time="12.968"/>
  <testcase classname="com.BEd.Tests.EligibilityCriteriaForPHScience" name="ScienceWithLessThan45PercentageInPG" time="19.264"/>
  <testcase classname="com.BEd.Tests.EligibilityCriteriaForPHBtech" name="Login" time="15.71"/>
  <testcase classname="com.BEd.Tests.EligibilityCriteriaForPHBtech" name="BtechWithMoreThan50Percentage" time="5.902"/>
  <testcase classname="com.BEd.Tests.EligibilityCriteriaForPHBtech" name="BtechWithLessThan50Percentage" time="12.724"/>
  <testcase classname="com.BEd.Tests.PrintFunctionalityAfterEdit" name="Login" time="14.044"/>
  <testcase classname="com.BEd.Tests.PrintFunctionalityAfterEdit" name="PrintFunctionality" time="3.063"/>
</testsuite> <!-- Test -->
