<?xml version="1.0" encoding="UTF-8"?>
<testng-results ignored="0" total="67" passed="67" failed="0" skipped="0">
  <reporter-output>
  </reporter-output>
  <suite started-at="2021-05-10T10:27:16 IST" name="Suite" finished-at="2021-05-10T10:44:40 IST" duration-ms="1043651">
    <groups>
    </groups>
    <test started-at="2021-05-10T10:27:16 IST" name="Test" finished-at="2021-05-10T10:44:40 IST" duration-ms="1043651">
      <class name="com.BEd.Tests.PGMarksComparison">
        <test-method is-config="true" signature="Startup()[pri:0, instance:com.BEd.Tests.PGMarksComparison@72758afa]" started-at="2021-05-10T10:28:29 IST" name="Startup" finished-at="2021-05-10T10:28:33 IST" duration-ms="4104" status="PASS">
          <reporter-output>
          </reporter-output>
        </test-method> <!-- Startup -->
        <test-method signature="Login()[pri:0, instance:com.BEd.Tests.PGMarksComparison@72758afa]" started-at="2021-05-10T10:28:33 IST" name="Login" finished-at="2021-05-10T10:28:51 IST" duration-ms="17869" status="PASS">
          <reporter-output>
          </reporter-output>
        </test-method> <!-- Login -->
        <test-method signature="ObtainedMarkIslessthanMaxMark()[pri:1, instance:com.BEd.Tests.PGMarksComparison@72758afa]" started-at="2021-05-10T10:28:51 IST" name="ObtainedMarkIslessthanMaxMark" finished-at="2021-05-10T10:29:03 IST" duration-ms="11694" status="PASS">
          <reporter-output>
          </reporter-output>
        </test-method> <!-- ObtainedMarkIslessthanMaxMark -->
        <test-method signature="ObtainedMarkIsEqualToMaxMark()[pri:2, instance:com.BEd.Tests.PGMarksComparison@72758afa]" started-at="2021-05-10T10:29:03 IST" name="ObtainedMarkIsEqualToMaxMark" finished-at="2021-05-10T10:29:22 IST" duration-ms="18820" status="PASS">
          <reporter-output>
          </reporter-output>
        </test-method> <!-- ObtainedMarkIsEqualToMaxMark -->
        <test-method signature="ObtainedMarkIsGreaterThanMaxMark()[pri:3, instance:com.BEd.Tests.PGMarksComparison@72758afa]" started-at="2021-05-10T10:29:22 IST" name="ObtainedMarkIsGreaterThanMaxMark" finished-at="2021-05-10T10:29:38 IST" duration-ms="16284" status="PASS">
          <reporter-output>
          </reporter-output>
        </test-method> <!-- ObtainedMarkIsGreaterThanMaxMark -->
        <test-method is-config="true" signature="QuitBrowser()[pri:0, instance:com.BEd.Tests.PGMarksComparison@72758afa]" started-at="2021-05-10T10:29:38 IST" name="QuitBrowser" finished-at="2021-05-10T10:29:39 IST" duration-ms="644" status="PASS">
          <reporter-output>
          </reporter-output>
        </test-method> <!-- QuitBrowser -->
      </class> <!-- com.BEd.Tests.PGMarksComparison -->
      <class name="com.BEd.Tests.EligibilityCriteriaForSTScience">
        <test-method is-config="true" signature="Startup()[pri:0, instance:com.BEd.Tests.EligibilityCriteriaForSTScience@40cb698e]" started-at="2021-05-10T10:37:26 IST" name="Startup" finished-at="2021-05-10T10:37:30 IST" duration-ms="3953" status="PASS">
          <reporter-output>
          </reporter-output>
        </test-method> <!-- Startup -->
        <test-method signature="Login()[pri:0, instance:com.BEd.Tests.EligibilityCriteriaForSTScience@40cb698e]" started-at="2021-05-10T10:37:30 IST" name="Login" finished-at="2021-05-10T10:37:46 IST" duration-ms="16107" status="PASS">
          <reporter-output>
          </reporter-output>
        </test-method> <!-- Login -->
        <test-method signature="ScienceWithMoreThan45PercentageInPG()[pri:1, instance:com.BEd.Tests.EligibilityCriteriaForSTScience@40cb698e]" started-at="2021-05-10T10:37:46 IST" name="ScienceWithMoreThan45PercentageInPG" finished-at="2021-05-10T10:37:58 IST" duration-ms="12742" status="PASS">
          <reporter-output>
          </reporter-output>
        </test-method> <!-- ScienceWithMoreThan45PercentageInPG -->
        <test-method signature="ScienceWithLessThan45PercentageInPG()[pri:4, instance:com.BEd.Tests.EligibilityCriteriaForSTScience@40cb698e]" started-at="2021-05-10T10:37:58 IST" name="ScienceWithLessThan45PercentageInPG" finished-at="2021-05-10T10:38:18 IST" duration-ms="19875" status="PASS">
          <reporter-output>
          </reporter-output>
        </test-method> <!-- ScienceWithLessThan45PercentageInPG -->
        <test-method is-config="true" signature="QuitBrowser()[pri:0, instance:com.BEd.Tests.EligibilityCriteriaForSTScience@40cb698e]" started-at="2021-05-10T10:38:18 IST" name="QuitBrowser" finished-at="2021-05-10T10:38:19 IST" duration-ms="647" status="PASS">
          <reporter-output>
          </reporter-output>
        </test-method> <!-- QuitBrowser -->
      </class> <!-- com.BEd.Tests.EligibilityCriteriaForSTScience -->
      <class name="com.BEd.Tests.EligibilityCriteriaForGeneralArts">
        <test-method is-config="true" signature="Startup()[pri:0, instance:com.BEd.Tests.EligibilityCriteriaForGeneralArts@21baa903]" started-at="2021-05-10T10:33:51 IST" name="Startup" finished-at="2021-05-10T10:33:55 IST" duration-ms="4156" status="PASS">
          <reporter-output>
          </reporter-output>
        </test-method> <!-- Startup -->
        <test-method signature="Login()[pri:0, instance:com.BEd.Tests.EligibilityCriteriaForGeneralArts@21baa903]" started-at="2021-05-10T10:33:55 IST" name="Login" finished-at="2021-05-10T10:34:11 IST" duration-ms="15445" status="PASS">
          <reporter-output>
          </reporter-output>
        </test-method> <!-- Login -->
        <test-method signature="ArtsWithMoreThan50PercentageInGraduation()[pri:1, instance:com.BEd.Tests.EligibilityCriteriaForGeneralArts@21baa903]" started-at="2021-05-10T10:34:11 IST" name="ArtsWithMoreThan50PercentageInGraduation" finished-at="2021-05-10T10:34:17 IST" duration-ms="5912" status="PASS">
          <reporter-output>
          </reporter-output>
        </test-method> <!-- ArtsWithMoreThan50PercentageInGraduation -->
        <test-method signature="ArtsWithLessThan50PercentageInGraduation()[pri:2, instance:com.BEd.Tests.EligibilityCriteriaForGeneralArts@21baa903]" started-at="2021-05-10T10:34:17 IST" name="ArtsWithLessThan50PercentageInGraduation" finished-at="2021-05-10T10:34:30 IST" duration-ms="12756" status="PASS">
          <reporter-output>
          </reporter-output>
        </test-method> <!-- ArtsWithLessThan50PercentageInGraduation -->
        <test-method is-config="true" signature="QuitBrowser()[pri:0, instance:com.BEd.Tests.EligibilityCriteriaForGeneralArts@21baa903]" started-at="2021-05-10T10:34:30 IST" name="QuitBrowser" finished-at="2021-05-10T10:34:30 IST" duration-ms="645" status="PASS">
          <reporter-output>
          </reporter-output>
        </test-method> <!-- QuitBrowser -->
      </class> <!-- com.BEd.Tests.EligibilityCriteriaForGeneralArts -->
      <class name="com.BEd.Tests.PrintFunctionalityAfterEdit">
        <test-method is-config="true" signature="Startup()[pri:0, instance:com.BEd.Tests.PrintFunctionalityAfterEdit@7756c3cd]" started-at="2021-05-10T10:44:18 IST" name="Startup" finished-at="2021-05-10T10:44:22 IST" duration-ms="3802" status="PASS">
          <reporter-output>
          </reporter-output>
        </test-method> <!-- Startup -->
        <test-method signature="Login()[pri:0, instance:com.BEd.Tests.PrintFunctionalityAfterEdit@7756c3cd]" started-at="2021-05-10T10:44:22 IST" name="Login" finished-at="2021-05-10T10:44:36 IST" duration-ms="14044" status="PASS">
          <reporter-output>
          </reporter-output>
        </test-method> <!-- Login -->
        <test-method signature="PrintFunctionality()[pri:1, instance:com.BEd.Tests.PrintFunctionalityAfterEdit@7756c3cd]" started-at="2021-05-10T10:44:36 IST" name="PrintFunctionality" finished-at="2021-05-10T10:44:39 IST" duration-ms="3063" status="PASS">
          <reporter-output>
          </reporter-output>
        </test-method> <!-- PrintFunctionality -->
        <test-method is-config="true" signature="QuitBrowser()[pri:0, instance:com.BEd.Tests.PrintFunctionalityAfterEdit@7756c3cd]" started-at="2021-05-10T10:44:39 IST" name="QuitBrowser" finished-at="2021-05-10T10:44:40 IST" duration-ms="648" status="PASS">
          <reporter-output>
          </reporter-output>
        </test-method> <!-- QuitBrowser -->
      </class> <!-- com.BEd.Tests.PrintFunctionalityAfterEdit -->
      <class name="com.BEd.Tests.YOPComparisonsGraduationPG">
        <test-method is-config="true" signature="Startup()[pri:0, instance:com.BEd.Tests.YOPComparisonsGraduationPG@4c398c80]" started-at="2021-05-10T10:31:17 IST" name="Startup" finished-at="2021-05-10T10:31:24 IST" duration-ms="7580" status="PASS">
          <reporter-output>
          </reporter-output>
        </test-method> <!-- Startup -->
        <test-method signature="Login()[pri:0, instance:com.BEd.Tests.YOPComparisonsGraduationPG@4c398c80]" started-at="2021-05-10T10:31:24 IST" name="Login" finished-at="2021-05-10T10:31:43 IST" duration-ms="18181" status="PASS">
          <reporter-output>
          </reporter-output>
        </test-method> <!-- Login -->
        <test-method signature="YOPBetweenGraduationAndPGWithValidData()[pri:1, instance:com.BEd.Tests.YOPComparisonsGraduationPG@4c398c80]" started-at="2021-05-10T10:31:43 IST" name="YOPBetweenGraduationAndPGWithValidData" finished-at="2021-05-10T10:31:56 IST" duration-ms="13827" status="PASS">
          <reporter-output>
          </reporter-output>
        </test-method> <!-- YOPBetweenGraduationAndPGWithValidData -->
        <test-method signature="YOPBetweenGraduationAndPGWithDiffLessThan3years()[pri:2, instance:com.BEd.Tests.YOPComparisonsGraduationPG@4c398c80]" started-at="2021-05-10T10:31:56 IST" name="YOPBetweenGraduationAndPGWithDiffLessThan3years" finished-at="2021-05-10T10:32:17 IST" duration-ms="20550" status="PASS">
          <reporter-output>
          </reporter-output>
        </test-method> <!-- YOPBetweenGraduationAndPGWithDiffLessThan3years -->
        <test-method signature="YOPBetweenGraduationAndPGWithIdenticalData()[pri:2, instance:com.BEd.Tests.YOPComparisonsGraduationPG@4c398c80]" started-at="2021-05-10T10:32:17 IST" name="YOPBetweenGraduationAndPGWithIdenticalData" finished-at="2021-05-10T10:32:37 IST" duration-ms="20488" status="PASS">
          <reporter-output>
          </reporter-output>
        </test-method> <!-- YOPBetweenGraduationAndPGWithIdenticalData -->
        <test-method signature="YOPBetweenGraduationAndPGWithInvalidData()[pri:3, instance:com.BEd.Tests.YOPComparisonsGraduationPG@4c398c80]" started-at="2021-05-10T10:32:37 IST" name="YOPBetweenGraduationAndPGWithInvalidData" finished-at="2021-05-10T10:32:58 IST" duration-ms="20717" status="PASS">
          <reporter-output>
          </reporter-output>
        </test-method> <!-- YOPBetweenGraduationAndPGWithInvalidData -->
        <test-method is-config="true" signature="QuitBrowser()[pri:0, instance:com.BEd.Tests.YOPComparisonsGraduationPG@4c398c80]" started-at="2021-05-10T10:32:58 IST" name="QuitBrowser" finished-at="2021-05-10T10:32:59 IST" duration-ms="644" status="PASS">
          <reporter-output>
          </reporter-output>
        </test-method> <!-- QuitBrowser -->
      </class> <!-- com.BEd.Tests.YOPComparisonsGraduationPG -->
      <class name="com.BEd.Tests.EligibilityCriteriaForSEBCBtech">
        <test-method is-config="true" signature="Startup()[pri:0, instance:com.BEd.Tests.EligibilityCriteriaForSEBCBtech@4a891c97]" started-at="2021-05-10T10:41:19 IST" name="Startup" finished-at="2021-05-10T10:41:26 IST" duration-ms="6697" status="PASS">
          <reporter-output>
          </reporter-output>
        </test-method> <!-- Startup -->
        <test-method signature="Login()[pri:0, instance:com.BEd.Tests.EligibilityCriteriaForSEBCBtech@4a891c97]" started-at="2021-05-10T10:41:26 IST" name="Login" finished-at="2021-05-10T10:41:43 IST" duration-ms="16724" status="PASS">
          <reporter-output>
          </reporter-output>
        </test-method> <!-- Login -->
        <test-method signature="BtechWithMoreThan50Percentage()[pri:1, instance:com.BEd.Tests.EligibilityCriteriaForSEBCBtech@4a891c97]" started-at="2021-05-10T10:41:43 IST" name="BtechWithMoreThan50Percentage" finished-at="2021-05-10T10:41:49 IST" duration-ms="5878" status="PASS">
          <reporter-output>
          </reporter-output>
        </test-method> <!-- BtechWithMoreThan50Percentage -->
        <test-method signature="BtechWithLessThan50Percentage()[pri:6, instance:com.BEd.Tests.EligibilityCriteriaForSEBCBtech@4a891c97]" started-at="2021-05-10T10:41:49 IST" name="BtechWithLessThan50Percentage" finished-at="2021-05-10T10:42:02 IST" duration-ms="12976" status="PASS">
          <reporter-output>
          </reporter-output>
        </test-method> <!-- BtechWithLessThan50Percentage -->
        <test-method is-config="true" signature="QuitBrowser()[pri:0, instance:com.BEd.Tests.EligibilityCriteriaForSEBCBtech@4a891c97]" started-at="2021-05-10T10:42:02 IST" name="QuitBrowser" finished-at="2021-05-10T10:42:02 IST" duration-ms="640" status="PASS">
          <reporter-output>
          </reporter-output>
        </test-method> <!-- QuitBrowser -->
      </class> <!-- com.BEd.Tests.EligibilityCriteriaForSEBCBtech -->
      <class name="com.BEd.Tests.PrintFunctionalityBeforeEdit">
        <test-method is-config="true" signature="Startup()[pri:0, instance:com.BEd.Tests.PrintFunctionalityBeforeEdit@2a8d39c4]" started-at="2021-05-10T10:27:16 IST" name="Startup" finished-at="2021-05-10T10:27:22 IST" duration-ms="5431" status="PASS">
          <reporter-output>
          </reporter-output>
        </test-method> <!-- Startup -->
        <test-method signature="Login()[pri:0, instance:com.BEd.Tests.PrintFunctionalityBeforeEdit@2a8d39c4]" started-at="2021-05-10T10:27:22 IST" name="Login" finished-at="2021-05-10T10:27:36 IST" duration-ms="14186" status="PASS">
          <reporter-output>
          </reporter-output>
        </test-method> <!-- Login -->
        <test-method signature="PrintFunctionality()[pri:1, instance:com.BEd.Tests.PrintFunctionalityBeforeEdit@2a8d39c4]" started-at="2021-05-10T10:27:36 IST" name="PrintFunctionality" finished-at="2021-05-10T10:27:40 IST" duration-ms="3425" status="PASS">
          <reporter-output>
          </reporter-output>
        </test-method> <!-- PrintFunctionality -->
        <test-method is-config="true" signature="QuitBrowser()[pri:0, instance:com.BEd.Tests.PrintFunctionalityBeforeEdit@2a8d39c4]" started-at="2021-05-10T10:27:40 IST" name="QuitBrowser" finished-at="2021-05-10T10:27:40 IST" duration-ms="668" status="PASS">
          <reporter-output>
          </reporter-output>
        </test-method> <!-- QuitBrowser -->
      </class> <!-- com.BEd.Tests.PrintFunctionalityBeforeEdit -->
      <class name="com.BEd.Tests.EligibilityCriteriaForPHScience">
        <test-method is-config="true" signature="Startup()[pri:0, instance:com.BEd.Tests.EligibilityCriteriaForPHScience@4d18aa28]" started-at="2021-05-10T10:42:42 IST" name="Startup" finished-at="2021-05-10T10:42:48 IST" duration-ms="5995" status="PASS">
          <reporter-output>
          </reporter-output>
        </test-method> <!-- Startup -->
        <test-method signature="Login()[pri:0, instance:com.BEd.Tests.EligibilityCriteriaForPHScience@4d18aa28]" started-at="2021-05-10T10:42:48 IST" name="Login" finished-at="2021-05-10T10:43:07 IST" duration-ms="19483" status="PASS">
          <reporter-output>
          </reporter-output>
        </test-method> <!-- Login -->
        <test-method signature="ScienceWithMoreThan45PercentageInPG()[pri:1, instance:com.BEd.Tests.EligibilityCriteriaForPHScience@4d18aa28]" started-at="2021-05-10T10:43:07 IST" name="ScienceWithMoreThan45PercentageInPG" finished-at="2021-05-10T10:43:20 IST" duration-ms="12968" status="PASS">
          <reporter-output>
          </reporter-output>
        </test-method> <!-- ScienceWithMoreThan45PercentageInPG -->
        <test-method signature="ScienceWithLessThan45PercentageInPG()[pri:4, instance:com.BEd.Tests.EligibilityCriteriaForPHScience@4d18aa28]" started-at="2021-05-10T10:43:20 IST" name="ScienceWithLessThan45PercentageInPG" finished-at="2021-05-10T10:43:39 IST" duration-ms="19264" status="PASS">
          <reporter-output>
          </reporter-output>
        </test-method> <!-- ScienceWithLessThan45PercentageInPG -->
        <test-method is-config="true" signature="QuitBrowser()[pri:0, instance:com.BEd.Tests.EligibilityCriteriaForPHScience@4d18aa28]" started-at="2021-05-10T10:43:39 IST" name="QuitBrowser" finished-at="2021-05-10T10:43:40 IST" duration-ms="636" status="PASS">
          <reporter-output>
          </reporter-output>
        </test-method> <!-- QuitBrowser -->
      </class> <!-- com.BEd.Tests.EligibilityCriteriaForPHScience -->
      <class name="com.BEd.Tests.EligibilityCriteriaForGeneralScience">
        <test-method is-config="true" signature="Startup()[pri:0, instance:com.BEd.Tests.EligibilityCriteriaForGeneralScience@7fc6de5b]" started-at="2021-05-10T10:32:59 IST" name="Startup" finished-at="2021-05-10T10:33:02 IST" duration-ms="3717" status="PASS">
          <reporter-output>
          </reporter-output>
        </test-method> <!-- Startup -->
        <test-method signature="Login()[pri:0, instance:com.BEd.Tests.EligibilityCriteriaForGeneralScience@7fc6de5b]" started-at="2021-05-10T10:33:02 IST" name="Login" finished-at="2021-05-10T10:33:18 IST" duration-ms="15629" status="PASS">
          <reporter-output>
          </reporter-output>
        </test-method> <!-- Login -->
        <test-method signature="ScienceWithMoreThan50PercentageInPG()[pri:1, instance:com.BEd.Tests.EligibilityCriteriaForGeneralScience@7fc6de5b]" started-at="2021-05-10T10:33:18 IST" name="ScienceWithMoreThan50PercentageInPG" finished-at="2021-05-10T10:33:31 IST" duration-ms="12786" status="PASS">
          <reporter-output>
          </reporter-output>
        </test-method> <!-- ScienceWithMoreThan50PercentageInPG -->
        <test-method signature="ScienceWithLessThan50PercentageInPG()[pri:2, instance:com.BEd.Tests.EligibilityCriteriaForGeneralScience@7fc6de5b]" started-at="2021-05-10T10:33:31 IST" name="ScienceWithLessThan50PercentageInPG" finished-at="2021-05-10T10:33:51 IST" duration-ms="19763" status="PASS">
          <reporter-output>
          </reporter-output>
        </test-method> <!-- ScienceWithLessThan50PercentageInPG -->
        <test-method is-config="true" signature="QuitBrowser()[pri:0, instance:com.BEd.Tests.EligibilityCriteriaForGeneralScience@7fc6de5b]" started-at="2021-05-10T10:33:51 IST" name="QuitBrowser" finished-at="2021-05-10T10:33:51 IST" duration-ms="664" status="PASS">
          <reporter-output>
          </reporter-output>
        </test-method> <!-- QuitBrowser -->
      </class> <!-- com.BEd.Tests.EligibilityCriteriaForGeneralScience -->
      <class name="com.BEd.Tests.EligibilityCriteriaForPHArts">
        <test-method is-config="true" signature="Startup()[pri:0, instance:com.BEd.Tests.EligibilityCriteriaForPHArts@a5bd950]" started-at="2021-05-10T10:42:02 IST" name="Startup" finished-at="2021-05-10T10:42:07 IST" duration-ms="4484" status="PASS">
          <reporter-output>
          </reporter-output>
        </test-method> <!-- Startup -->
        <test-method signature="Login()[pri:0, instance:com.BEd.Tests.EligibilityCriteriaForPHArts@a5bd950]" started-at="2021-05-10T10:42:07 IST" name="Login" finished-at="2021-05-10T10:42:22 IST" duration-ms="15562" status="PASS">
          <reporter-output>
          </reporter-output>
        </test-method> <!-- Login -->
        <test-method signature="ArtsWithMoreThan45PercentageInGraduation()[pri:1, instance:com.BEd.Tests.EligibilityCriteriaForPHArts@a5bd950]" started-at="2021-05-10T10:42:22 IST" name="ArtsWithMoreThan45PercentageInGraduation" finished-at="2021-05-10T10:42:28 IST" duration-ms="5887" status="PASS">
          <reporter-output>
          </reporter-output>
        </test-method> <!-- ArtsWithMoreThan45PercentageInGraduation -->
        <test-method signature="ArtsWithLessThan45PercentageInGraduation()[pri:2, instance:com.BEd.Tests.EligibilityCriteriaForPHArts@a5bd950]" started-at="2021-05-10T10:42:28 IST" name="ArtsWithLessThan45PercentageInGraduation" finished-at="2021-05-10T10:42:41 IST" duration-ms="12623" status="PASS">
          <reporter-output>
          </reporter-output>
        </test-method> <!-- ArtsWithLessThan45PercentageInGraduation -->
        <test-method is-config="true" signature="QuitBrowser()[pri:0, instance:com.BEd.Tests.EligibilityCriteriaForPHArts@a5bd950]" started-at="2021-05-10T10:42:41 IST" name="QuitBrowser" finished-at="2021-05-10T10:42:42 IST" duration-ms="628" status="PASS">
          <reporter-output>
          </reporter-output>
        </test-method> <!-- QuitBrowser -->
      </class> <!-- com.BEd.Tests.EligibilityCriteriaForPHArts -->
      <class name="com.BEd.Tests.EligibilityCriteriaForGeneralBTech">
        <test-method is-config="true" signature="Startup()[pri:0, instance:com.BEd.Tests.EligibilityCriteriaForGeneralBTech@607fbe09]" started-at="2021-05-10T10:34:30 IST" name="Startup" finished-at="2021-05-10T10:34:34 IST" duration-ms="4210" status="PASS">
          <reporter-output>
          </reporter-output>
        </test-method> <!-- Startup -->
        <test-method signature="Login()[pri:0, instance:com.BEd.Tests.EligibilityCriteriaForGeneralBTech@607fbe09]" started-at="2021-05-10T10:34:34 IST" name="Login" finished-at="2021-05-10T10:34:50 IST" duration-ms="15250" status="PASS">
          <reporter-output>
          </reporter-output>
        </test-method> <!-- Login -->
        <test-method signature="BtechWithMoreThan55Percentage()[pri:1, instance:com.BEd.Tests.EligibilityCriteriaForGeneralBTech@607fbe09]" started-at="2021-05-10T10:34:50 IST" name="BtechWithMoreThan55Percentage" finished-at="2021-05-10T10:34:59 IST" duration-ms="9146" status="PASS">
          <reporter-output>
          </reporter-output>
        </test-method> <!-- BtechWithMoreThan55Percentage -->
        <test-method signature="BtechWithLessThan55Percentage()[pri:6, instance:com.BEd.Tests.EligibilityCriteriaForGeneralBTech@607fbe09]" started-at="2021-05-10T10:34:59 IST" name="BtechWithLessThan55Percentage" finished-at="2021-05-10T10:35:15 IST" duration-ms="15969" status="PASS">
          <reporter-output>
          </reporter-output>
        </test-method> <!-- BtechWithLessThan55Percentage -->
        <test-method is-config="true" signature="QuitBrowser()[pri:0, instance:com.BEd.Tests.EligibilityCriteriaForGeneralBTech@607fbe09]" started-at="2021-05-10T10:35:15 IST" name="QuitBrowser" finished-at="2021-05-10T10:35:15 IST" duration-ms="638" status="PASS">
          <reporter-output>
          </reporter-output>
        </test-method> <!-- QuitBrowser -->
      </class> <!-- com.BEd.Tests.EligibilityCriteriaForGeneralBTech -->
      <class name="com.BEd.Tests.EligibilityCriteriaForSTBTech">
        <test-method is-config="true" signature="Startup()[pri:0, instance:com.BEd.Tests.EligibilityCriteriaForSTBTech@60641ec8]" started-at="2021-05-10T10:39:01 IST" name="Startup" finished-at="2021-05-10T10:39:08 IST" duration-ms="6305" status="PASS">
          <reporter-output>
          </reporter-output>
        </test-method> <!-- Startup -->
        <test-method signature="Login()[pri:0, instance:com.BEd.Tests.EligibilityCriteriaForSTBTech@60641ec8]" started-at="2021-05-10T10:39:08 IST" name="Login" finished-at="2021-05-10T10:39:24 IST" duration-ms="16134" status="PASS">
          <reporter-output>
          </reporter-output>
        </test-method> <!-- Login -->
        <test-method signature="BtechWithMoreThan50Percentage()[pri:1, instance:com.BEd.Tests.EligibilityCriteriaForSTBTech@60641ec8]" started-at="2021-05-10T10:39:24 IST" name="BtechWithMoreThan50Percentage" finished-at="2021-05-10T10:39:30 IST" duration-ms="5925" status="PASS">
          <reporter-output>
          </reporter-output>
        </test-method> <!-- BtechWithMoreThan50Percentage -->
        <test-method signature="BtechWithLessThan50Percentage()[pri:2, instance:com.BEd.Tests.EligibilityCriteriaForSTBTech@60641ec8]" started-at="2021-05-10T10:39:30 IST" name="BtechWithLessThan50Percentage" finished-at="2021-05-10T10:39:43 IST" duration-ms="13131" status="PASS">
          <reporter-output>
          </reporter-output>
        </test-method> <!-- BtechWithLessThan50Percentage -->
        <test-method is-config="true" signature="QuitBrowser()[pri:0, instance:com.BEd.Tests.EligibilityCriteriaForSTBTech@60641ec8]" started-at="2021-05-10T10:39:43 IST" name="QuitBrowser" finished-at="2021-05-10T10:39:44 IST" duration-ms="653" status="PASS">
          <reporter-output>
          </reporter-output>
        </test-method> <!-- QuitBrowser -->
      </class> <!-- com.BEd.Tests.EligibilityCriteriaForSTBTech -->
      <class name="com.BEd.Tests.GraduationMarksComparison">
        <test-method is-config="true" signature="Startup()[pri:0, instance:com.BEd.Tests.GraduationMarksComparison@25b2cfcb]" started-at="2021-05-10T10:27:40 IST" name="Startup" finished-at="2021-05-10T10:27:46 IST" duration-ms="5977" status="PASS">
          <reporter-output>
          </reporter-output>
        </test-method> <!-- Startup -->
        <test-method signature="Login()[pri:0, instance:com.BEd.Tests.GraduationMarksComparison@25b2cfcb]" started-at="2021-05-10T10:27:46 IST" name="Login" finished-at="2021-05-10T10:28:01 IST" duration-ms="15235" status="PASS">
          <reporter-output>
          </reporter-output>
        </test-method> <!-- Login -->
        <test-method signature="ObtainedMarkIslessthanMaxMark()[pri:1, instance:com.BEd.Tests.GraduationMarksComparison@25b2cfcb]" started-at="2021-05-10T10:28:01 IST" name="ObtainedMarkIslessthanMaxMark" finished-at="2021-05-10T10:28:06 IST" duration-ms="4855" status="PASS">
          <reporter-output>
          </reporter-output>
        </test-method> <!-- ObtainedMarkIslessthanMaxMark -->
        <test-method signature="ObtainedMarkIsEqualToMaxMark()[pri:2, instance:com.BEd.Tests.GraduationMarksComparison@25b2cfcb]" started-at="2021-05-10T10:28:06 IST" name="ObtainedMarkIsEqualToMaxMark" finished-at="2021-05-10T10:28:17 IST" duration-ms="10932" status="PASS">
          <reporter-output>
          </reporter-output>
        </test-method> <!-- ObtainedMarkIsEqualToMaxMark -->
        <test-method signature="ObtainedMarkIsGreaterThanMaxMark()[pri:3, instance:com.BEd.Tests.GraduationMarksComparison@25b2cfcb]" started-at="2021-05-10T10:28:17 IST" name="ObtainedMarkIsGreaterThanMaxMark" finished-at="2021-05-10T10:28:29 IST" duration-ms="11270" status="PASS">
          <reporter-output>
          </reporter-output>
        </test-method> <!-- ObtainedMarkIsGreaterThanMaxMark -->
        <test-method is-config="true" signature="QuitBrowser()[pri:0, instance:com.BEd.Tests.GraduationMarksComparison@25b2cfcb]" started-at="2021-05-10T10:28:29 IST" name="QuitBrowser" finished-at="2021-05-10T10:28:29 IST" duration-ms="630" status="PASS">
          <reporter-output>
          </reporter-output>
        </test-method> <!-- QuitBrowser -->
      </class> <!-- com.BEd.Tests.GraduationMarksComparison -->
      <class name="com.BEd.Tests.EligibilityCriteriaForSEBCScience">
        <test-method is-config="true" signature="Startup()[pri:0, instance:com.BEd.Tests.EligibilityCriteriaForSEBCScience@6eeade6c]" started-at="2021-05-10T10:40:26 IST" name="Startup" finished-at="2021-05-10T10:40:30 IST" duration-ms="4556" status="PASS">
          <reporter-output>
          </reporter-output>
        </test-method> <!-- Startup -->
        <test-method signature="Login()[pri:0, instance:com.BEd.Tests.EligibilityCriteriaForSEBCScience@6eeade6c]" started-at="2021-05-10T10:40:30 IST" name="Login" finished-at="2021-05-10T10:40:46 IST" duration-ms="16270" status="PASS">
          <reporter-output>
          </reporter-output>
        </test-method> <!-- Login -->
        <test-method signature="ScienceWithMoreThan45PercentageInPG()[pri:1, instance:com.BEd.Tests.EligibilityCriteriaForSEBCScience@6eeade6c]" started-at="2021-05-10T10:40:46 IST" name="ScienceWithMoreThan45PercentageInPG" finished-at="2021-05-10T10:40:59 IST" duration-ms="12669" status="PASS">
          <reporter-output>
          </reporter-output>
        </test-method> <!-- ScienceWithMoreThan45PercentageInPG -->
        <test-method signature="ScienceWithLessThan45PercentageInPG()[pri:2, instance:com.BEd.Tests.EligibilityCriteriaForSEBCScience@6eeade6c]" started-at="2021-05-10T10:40:59 IST" name="ScienceWithLessThan45PercentageInPG" finished-at="2021-05-10T10:41:19 IST" duration-ms="19698" status="PASS">
          <reporter-output>
          </reporter-output>
        </test-method> <!-- ScienceWithLessThan45PercentageInPG -->
        <test-method is-config="true" signature="QuitBrowser()[pri:0, instance:com.BEd.Tests.EligibilityCriteriaForSEBCScience@6eeade6c]" started-at="2021-05-10T10:41:19 IST" name="QuitBrowser" finished-at="2021-05-10T10:41:19 IST" duration-ms="640" status="PASS">
          <reporter-output>
          </reporter-output>
        </test-method> <!-- QuitBrowser -->
      </class> <!-- com.BEd.Tests.EligibilityCriteriaForSEBCScience -->
      <class name="com.BEd.Tests.EligibilityCriteriaForSCBtech">
        <test-method is-config="true" signature="Startup()[pri:0, instance:com.BEd.Tests.EligibilityCriteriaForSCBtech@5dd91bca]" started-at="2021-05-10T10:36:46 IST" name="Startup" finished-at="2021-05-10T10:36:51 IST" duration-ms="4455" status="PASS">
          <reporter-output>
          </reporter-output>
        </test-method> <!-- Startup -->
        <test-method signature="Login()[pri:0, instance:com.BEd.Tests.EligibilityCriteriaForSCBtech@5dd91bca]" started-at="2021-05-10T10:36:51 IST" name="Login" finished-at="2021-05-10T10:37:06 IST" duration-ms="15449" status="PASS">
          <reporter-output>
          </reporter-output>
        </test-method> <!-- Login -->
        <test-method signature="BtechWithMoreThan50Percentage()[pri:1, instance:com.BEd.Tests.EligibilityCriteriaForSCBtech@5dd91bca]" started-at="2021-05-10T10:37:06 IST" name="BtechWithMoreThan50Percentage" finished-at="2021-05-10T10:37:12 IST" duration-ms="5891" status="PASS">
          <reporter-output>
          </reporter-output>
        </test-method> <!-- BtechWithMoreThan50Percentage -->
        <test-method signature="BtechWithLessThan50Percentage()[pri:6, instance:com.BEd.Tests.EligibilityCriteriaForSCBtech@5dd91bca]" started-at="2021-05-10T10:37:12 IST" name="BtechWithLessThan50Percentage" finished-at="2021-05-10T10:37:25 IST" duration-ms="12832" status="PASS">
          <reporter-output>
          </reporter-output>
        </test-method> <!-- BtechWithLessThan50Percentage -->
        <test-method is-config="true" signature="QuitBrowser()[pri:0, instance:com.BEd.Tests.EligibilityCriteriaForSCBtech@5dd91bca]" started-at="2021-05-10T10:37:25 IST" name="QuitBrowser" finished-at="2021-05-10T10:37:26 IST" duration-ms="646" status="PASS">
          <reporter-output>
          </reporter-output>
        </test-method> <!-- QuitBrowser -->
      </class> <!-- com.BEd.Tests.EligibilityCriteriaForSCBtech -->
      <class name="com.BEd.Tests.YOPComparisons12thGraduation">
        <test-method is-config="true" signature="Startup()[pri:0, instance:com.BEd.Tests.YOPComparisons12thGraduation@fb9c7aa]" started-at="2021-05-10T10:29:39 IST" name="Startup" finished-at="2021-05-10T10:29:42 IST" duration-ms="3902" status="PASS">
          <reporter-output>
          </reporter-output>
        </test-method> <!-- Startup -->
        <test-method signature="Login()[pri:0, instance:com.BEd.Tests.YOPComparisons12thGraduation@fb9c7aa]" started-at="2021-05-10T10:29:42 IST" name="Login" finished-at="2021-05-10T10:30:00 IST" duration-ms="17864" status="PASS">
          <reporter-output>
          </reporter-output>
        </test-method> <!-- Login -->
        <test-method signature="YOPBetween12thAndGraduationWithValidData()[pri:1, instance:com.BEd.Tests.YOPComparisons12thGraduation@fb9c7aa]" started-at="2021-05-10T10:30:00 IST" name="YOPBetween12thAndGraduationWithValidData" finished-at="2021-05-10T10:30:14 IST" duration-ms="13829" status="PASS">
          <reporter-output>
          </reporter-output>
        </test-method> <!-- YOPBetween12thAndGraduationWithValidData -->
        <test-method signature="YOPBetween12thAndGraduationWithDiffLessThan3years()[pri:2, instance:com.BEd.Tests.YOPComparisons12thGraduation@fb9c7aa]" started-at="2021-05-10T10:30:14 IST" name="YOPBetween12thAndGraduationWithDiffLessThan3years" finished-at="2021-05-10T10:30:35 IST" duration-ms="20565" status="PASS">
          <reporter-output>
          </reporter-output>
        </test-method> <!-- YOPBetween12thAndGraduationWithDiffLessThan3years -->
        <test-method signature="YOPBetween12thAndGraduationWithIdenticalData()[pri:2, instance:com.BEd.Tests.YOPComparisons12thGraduation@fb9c7aa]" started-at="2021-05-10T10:30:35 IST" name="YOPBetween12thAndGraduationWithIdenticalData" finished-at="2021-05-10T10:30:55 IST" duration-ms="20647" status="PASS">
          <reporter-output>
          </reporter-output>
        </test-method> <!-- YOPBetween12thAndGraduationWithIdenticalData -->
        <test-method signature="YOPBetween12thAndGraduationWithInvalidData()[pri:3, instance:com.BEd.Tests.YOPComparisons12thGraduation@fb9c7aa]" started-at="2021-05-10T10:30:55 IST" name="YOPBetween12thAndGraduationWithInvalidData" finished-at="2021-05-10T10:31:16 IST" duration-ms="20716" status="PASS">
          <reporter-output>
          </reporter-output>
        </test-method> <!-- YOPBetween12thAndGraduationWithInvalidData -->
        <test-method is-config="true" signature="QuitBrowser()[pri:0, instance:com.BEd.Tests.YOPComparisons12thGraduation@fb9c7aa]" started-at="2021-05-10T10:31:16 IST" name="QuitBrowser" finished-at="2021-05-10T10:31:17 IST" duration-ms="663" status="PASS">
          <reporter-output>
          </reporter-output>
        </test-method> <!-- QuitBrowser -->
      </class> <!-- com.BEd.Tests.YOPComparisons12thGraduation -->
      <class name="com.BEd.Tests.EligibilityCriteriaForSCScience">
        <test-method is-config="true" signature="Startup()[pri:0, instance:com.BEd.Tests.EligibilityCriteriaForSCScience@60a2630a]" started-at="2021-05-10T10:35:15 IST" name="Startup" finished-at="2021-05-10T10:35:19 IST" duration-ms="3827" status="PASS">
          <reporter-output>
          </reporter-output>
        </test-method> <!-- Startup -->
        <test-method signature="Login()[pri:0, instance:com.BEd.Tests.EligibilityCriteriaForSCScience@60a2630a]" started-at="2021-05-10T10:35:19 IST" name="Login" finished-at="2021-05-10T10:35:35 IST" duration-ms="15246" status="PASS">
          <reporter-output>
          </reporter-output>
        </test-method> <!-- Login -->
        <test-method signature="ScienceWithMoreThan45PercentageInPG()[pri:1, instance:com.BEd.Tests.EligibilityCriteriaForSCScience@60a2630a]" started-at="2021-05-10T10:35:35 IST" name="ScienceWithMoreThan45PercentageInPG" finished-at="2021-05-10T10:35:47 IST" duration-ms="12648" status="PASS">
          <reporter-output>
          </reporter-output>
        </test-method> <!-- ScienceWithMoreThan45PercentageInPG -->
        <test-method signature="ScienceWithLessThan45PercentageInPG()[pri:2, instance:com.BEd.Tests.EligibilityCriteriaForSCScience@60a2630a]" started-at="2021-05-10T10:35:47 IST" name="ScienceWithLessThan45PercentageInPG" finished-at="2021-05-10T10:36:07 IST" duration-ms="19543" status="PASS">
          <reporter-output>
          </reporter-output>
        </test-method> <!-- ScienceWithLessThan45PercentageInPG -->
        <test-method is-config="true" signature="QuitBrowser()[pri:0, instance:com.BEd.Tests.EligibilityCriteriaForSCScience@60a2630a]" started-at="2021-05-10T10:36:07 IST" name="QuitBrowser" finished-at="2021-05-10T10:36:07 IST" duration-ms="644" status="PASS">
          <reporter-output>
          </reporter-output>
        </test-method> <!-- QuitBrowser -->
      </class> <!-- com.BEd.Tests.EligibilityCriteriaForSCScience -->
      <class name="com.BEd.Tests.EligibilityCriteriaForPHBtech">
        <test-method is-config="true" signature="Startup()[pri:0, instance:com.BEd.Tests.EligibilityCriteriaForPHBtech@75390459]" started-at="2021-05-10T10:43:40 IST" name="Startup" finished-at="2021-05-10T10:43:43 IST" duration-ms="3583" status="PASS">
          <reporter-output>
          </reporter-output>
        </test-method> <!-- Startup -->
        <test-method signature="Login()[pri:0, instance:com.BEd.Tests.EligibilityCriteriaForPHBtech@75390459]" started-at="2021-05-10T10:43:43 IST" name="Login" finished-at="2021-05-10T10:43:59 IST" duration-ms="15710" status="PASS">
          <reporter-output>
          </reporter-output>
        </test-method> <!-- Login -->
        <test-method signature="BtechWithMoreThan50Percentage()[pri:1, instance:com.BEd.Tests.EligibilityCriteriaForPHBtech@75390459]" started-at="2021-05-10T10:43:59 IST" name="BtechWithMoreThan50Percentage" finished-at="2021-05-10T10:44:05 IST" duration-ms="5902" status="PASS">
          <reporter-output>
          </reporter-output>
        </test-method> <!-- BtechWithMoreThan50Percentage -->
        <test-method signature="BtechWithLessThan50Percentage()[pri:2, instance:com.BEd.Tests.EligibilityCriteriaForPHBtech@75390459]" started-at="2021-05-10T10:44:05 IST" name="BtechWithLessThan50Percentage" finished-at="2021-05-10T10:44:18 IST" duration-ms="12724" status="PASS">
          <reporter-output>
          </reporter-output>
        </test-method> <!-- BtechWithLessThan50Percentage -->
        <test-method is-config="true" signature="QuitBrowser()[pri:0, instance:com.BEd.Tests.EligibilityCriteriaForPHBtech@75390459]" started-at="2021-05-10T10:44:18 IST" name="QuitBrowser" finished-at="2021-05-10T10:44:18 IST" duration-ms="642" status="PASS">
          <reporter-output>
          </reporter-output>
        </test-method> <!-- QuitBrowser -->
      </class> <!-- com.BEd.Tests.EligibilityCriteriaForPHBtech -->
      <class name="com.BEd.Tests.EligibilityCriteriaForSTArts">
        <test-method is-config="true" signature="Startup()[pri:0, instance:com.BEd.Tests.EligibilityCriteriaForSTArts@3382f8ae]" started-at="2021-05-10T10:38:19 IST" name="Startup" finished-at="2021-05-10T10:38:26 IST" duration-ms="6712" status="PASS">
          <reporter-output>
          </reporter-output>
        </test-method> <!-- Startup -->
        <test-method signature="Login()[pri:0, instance:com.BEd.Tests.EligibilityCriteriaForSTArts@3382f8ae]" started-at="2021-05-10T10:38:26 IST" name="Login" finished-at="2021-05-10T10:38:42 IST" duration-ms="16299" status="PASS">
          <reporter-output>
          </reporter-output>
        </test-method> <!-- Login -->
        <test-method signature="ArtsWithMoreThan45PercentageInGraduation()[pri:1, instance:com.BEd.Tests.EligibilityCriteriaForSTArts@3382f8ae]" started-at="2021-05-10T10:38:42 IST" name="ArtsWithMoreThan45PercentageInGraduation" finished-at="2021-05-10T10:38:48 IST" duration-ms="5890" status="PASS">
          <reporter-output>
          </reporter-output>
        </test-method> <!-- ArtsWithMoreThan45PercentageInGraduation -->
        <test-method signature="ArtsWithLessThan45PercentageInGraduation()[pri:2, instance:com.BEd.Tests.EligibilityCriteriaForSTArts@3382f8ae]" started-at="2021-05-10T10:38:48 IST" name="ArtsWithLessThan45PercentageInGraduation" finished-at="2021-05-10T10:39:01 IST" duration-ms="12909" status="PASS">
          <reporter-output>
          </reporter-output>
        </test-method> <!-- ArtsWithLessThan45PercentageInGraduation -->
        <test-method is-config="true" signature="QuitBrowser()[pri:0, instance:com.BEd.Tests.EligibilityCriteriaForSTArts@3382f8ae]" started-at="2021-05-10T10:39:01 IST" name="QuitBrowser" finished-at="2021-05-10T10:39:01 IST" duration-ms="665" status="PASS">
          <reporter-output>
          </reporter-output>
        </test-method> <!-- QuitBrowser -->
      </class> <!-- com.BEd.Tests.EligibilityCriteriaForSTArts -->
      <class name="com.BEd.Tests.EligibilityCriteriaForSCArts">
        <test-method is-config="true" signature="Startup()[pri:0, instance:com.BEd.Tests.EligibilityCriteriaForSCArts@29df4d43]" started-at="2021-05-10T10:36:07 IST" name="Startup" finished-at="2021-05-10T10:36:12 IST" duration-ms="4328" status="PASS">
          <reporter-output>
          </reporter-output>
        </test-method> <!-- Startup -->
        <test-method signature="Login()[pri:0, instance:com.BEd.Tests.EligibilityCriteriaForSCArts@29df4d43]" started-at="2021-05-10T10:36:12 IST" name="Login" finished-at="2021-05-10T10:36:27 IST" duration-ms="15613" status="PASS">
          <reporter-output>
          </reporter-output>
        </test-method> <!-- Login -->
        <test-method signature="ArtsWithMoreThan45PercentageInGraduation()[pri:1, instance:com.BEd.Tests.EligibilityCriteriaForSCArts@29df4d43]" started-at="2021-05-10T10:36:27 IST" name="ArtsWithMoreThan45PercentageInGraduation" finished-at="2021-05-10T10:36:33 IST" duration-ms="5897" status="PASS">
          <reporter-output>
          </reporter-output>
        </test-method> <!-- ArtsWithMoreThan45PercentageInGraduation -->
        <test-method signature="ArtsWithLessThan45PercentageInGraduation()[pri:2, instance:com.BEd.Tests.EligibilityCriteriaForSCArts@29df4d43]" started-at="2021-05-10T10:36:33 IST" name="ArtsWithLessThan45PercentageInGraduation" finished-at="2021-05-10T10:36:46 IST" duration-ms="12546" status="PASS">
          <reporter-output>
          </reporter-output>
        </test-method> <!-- ArtsWithLessThan45PercentageInGraduation -->
        <test-method is-config="true" signature="QuitBrowser()[pri:0, instance:com.BEd.Tests.EligibilityCriteriaForSCArts@29df4d43]" started-at="2021-05-10T10:36:46 IST" name="QuitBrowser" finished-at="2021-05-10T10:36:46 IST" duration-ms="640" status="PASS">
          <reporter-output>
          </reporter-output>
        </test-method> <!-- QuitBrowser -->
      </class> <!-- com.BEd.Tests.EligibilityCriteriaForSCArts -->
      <class name="com.BEd.Tests.EligibilityCriteriaForSEBCArts">
        <test-method is-config="true" signature="Startup()[pri:0, instance:com.BEd.Tests.EligibilityCriteriaForSEBCArts@75f65e45]" started-at="2021-05-10T10:39:44 IST" name="Startup" finished-at="2021-05-10T10:39:49 IST" duration-ms="5047" status="PASS">
          <reporter-output>
          </reporter-output>
        </test-method> <!-- Startup -->
        <test-method signature="Login()[pri:0, instance:com.BEd.Tests.EligibilityCriteriaForSEBCArts@75f65e45]" started-at="2021-05-10T10:39:49 IST" name="Login" finished-at="2021-05-10T10:40:06 IST" duration-ms="17340" status="PASS">
          <reporter-output>
          </reporter-output>
        </test-method> <!-- Login -->
        <test-method signature="ArtsWithMoreThan45PercentageInGraduation()[pri:1, instance:com.BEd.Tests.EligibilityCriteriaForSEBCArts@75f65e45]" started-at="2021-05-10T10:40:06 IST" name="ArtsWithMoreThan45PercentageInGraduation" finished-at="2021-05-10T10:40:12 IST" duration-ms="6010" status="PASS">
          <reporter-output>
          </reporter-output>
        </test-method> <!-- ArtsWithMoreThan45PercentageInGraduation -->
        <test-method signature="ArtsWithLessThan45PercentageInGraduation()[pri:2, instance:com.BEd.Tests.EligibilityCriteriaForSEBCArts@75f65e45]" started-at="2021-05-10T10:40:12 IST" name="ArtsWithLessThan45PercentageInGraduation" finished-at="2021-05-10T10:40:25 IST" duration-ms="12919" status="PASS">
          <reporter-output>
          </reporter-output>
        </test-method> <!-- ArtsWithLessThan45PercentageInGraduation -->
        <test-method is-config="true" signature="QuitBrowser()[pri:0, instance:com.BEd.Tests.EligibilityCriteriaForSEBCArts@75f65e45]" started-at="2021-05-10T10:40:25 IST" name="QuitBrowser" finished-at="2021-05-10T10:40:26 IST" duration-ms="647" status="PASS">
          <reporter-output>
          </reporter-output>
        </test-method> <!-- QuitBrowser -->
      </class> <!-- com.BEd.Tests.EligibilityCriteriaForSEBCArts -->
    </test> <!-- Test -->
  </suite> <!-- Suite -->
</testng-results>
